<?xml version="1.0" encoding="UTF-8" standalone="no"?>
<testsuite errors="0" failures="1" name="io.cucumber.core.plugin.JUnitFormatter" skipped="0" tests="1" time="0.271">
<testcase classname="feature to test login functionality" name="just services and controller" time="0.072">
<failure message="The scenario has pending or undefined step(s)" type="java.lang.Exception"><![CDATA[Given services and controller for tags......................................undefined
]]></failure>
</testcase>
</testsuite>
